<?xml version="1.0" encoding="UTF-8"?>
<testng-results ignored="0" total="1" passed="1" failed="0" skipped="0">
  <reporter-output>
  </reporter-output>
  <suite started-at="2022-08-29T00:04:44 IST" name="Default suite" finished-at="2022-08-29T00:04:55 IST" duration-ms="11157">
    <groups>
    </groups>
    <test started-at="2022-08-29T00:04:44 IST" name="Default test" finished-at="2022-08-29T00:04:55 IST" duration-ms="11157">
      <class name="Testcases.VerifySineUpPage">
        <test-method signature="sineUp()[pri:0, instance:Testcases.VerifySineUpPage@483f6d77]" started-at="2022-08-29T00:04:44 IST" name="sineUp" finished-at="2022-08-29T00:04:55 IST" duration-ms="11089" status="PASS">
          <reporter-output>
          </reporter-output>
        </test-method> <!-- sineUp -->
      </class> <!-- Testcases.VerifySineUpPage -->
    </test> <!-- Default test -->
  </suite> <!-- Default suite -->
</testng-results>
